<?xml version="1.0" encoding="UTF-8"?>
<!-- Generated by org.testng.reporters.JUnitXMLReporter -->
<testsuite ignored="0" hostname="LAPTOP-FF0GEORH" failures="0" tests="2" name="OperaTest" time="0.339" errors="0" timestamp="2024-02-21T11:02:46 IST">
  <testcase classname="test.TestNg" name="verifyurl" time="0.0">
    <skipped/>
  </testcase> <!-- verifyurl -->
  <testcase classname="test.TestNg1" name="verifyurl" time="0.0">
    <skipped/>
  </testcase> <!-- verifyurl -->
</testsuite> <!-- OperaTest -->
